<?xml version="1.0" encoding="UTF-8" ?>
<testsuite tests="13" failures="0" name="AppTest" time="0.109" errors="0" skipped="0">
  <properties>
[...]
</properties>
  <testcase classname="HangmanTest" name="testHangman1" time="0.016"/>
  <testcase classname="HangmanTest" name="testHangman2" time="0.015"/>
  <testcase classname="HangmanTest" name="testHangman3" time="0.032"/>
  <testcase classname="HangmanTest" name="testHangman4" time="0"/>
  <testcase classname="HangmanTest" name="testHangman5" time="0"/>
  <testcase classname="HangmanTest" name="testSeperateLetter1" time="0"/>
  <testcase classname="HangmanTest" name="testSeperateLetter2" time="0"/>
  <testcase classname="HangmanTest" name="testSeperateLetter3" time="0"/>
  <testcase classname="LetterTest" name="testTestLetter1" time="0"/>
  <testcase classname="LetterTest" name="testTestLetter2" time="0.015"/>
  <testcase classname="LetterTest" name="testTestLetter3" time="0.015"/>
  <testcase classname="LetterTest" name="testTestLetter4" time="0"/>
  <testcase classname="LetterTest" name="testTestLetter5" time="0.016"/>
</testsuite>