<?xml version="1.0" encoding="UTF-8"?>
<!-- Generated by org.testng.reporters.JUnitXMLReporter -->
<testsuite hostname="VAIO" ignored="0" name="Default test" tests="15" failures="0" timestamp="30 Oct 2018 07:33:49 GMT" time="33.964" errors="0">
  <testcase name="netIsAvailable" time="2.238" classname="pack.NewTest"/>
  <testcase name="openBrowser" time="13.468" classname="pack.NewTest"/>
  <testcase name="checkTitle" time="0.1" classname="pack.NewTest"/>
  <testcase name="click" time="2.237" classname="pack.NewTest"/>
  <testcase name="click1" time="1.79" classname="pack.NewTest"/>
  <testcase name="click2" time="1.722" classname="pack.NewTest"/>
  <testcase name="click3" time="1.574" classname="pack.NewTest"/>
  <testcase name="click4" time="1.807" classname="pack.NewTest"/>
  <testcase name="click5" time="1.876" classname="pack.NewTest"/>
  <testcase name="checkResult" time="0.486" classname="pack.NewTest"/>
  <testcase name="restartbuttoncheck" time="1.37" classname="pack.NewTest"/>
  <testcase name="refreshbrowser" time="2.265" classname="pack.NewTest"/>
  <testcase name="checkResultAfterRefresh" time="0.3" classname="pack.NewTest"/>
  <testcase name="click6" time="2.09" classname="pack.NewTest"/>
  <testcase name="closeBrowser" time="0.547" classname="pack.NewTest"/>
</testsuite> <!-- Default test -->
