<?xml version="1.0" encoding="UTF-8"?>
<testng-results skipped="0" failed="0" ignored="0" total="15" passed="15">
  <reporter-output>
  </reporter-output>
  <suite name="Default suite" duration-ms="33964" started-at="2018-10-30T07:33:15Z" finished-at="2018-10-30T07:33:49Z">
    <groups>
    </groups>
    <test name="Default test" duration-ms="33964" started-at="2018-10-30T07:33:15Z" finished-at="2018-10-30T07:33:49Z">
      <class name="pack.NewTest">
        <test-method status="PASS" signature="netIsAvailable()[pri:0, instance:pack.NewTest@e320068]" name="netIsAvailable" duration-ms="2238" started-at="2018-10-30T07:33:15Z" finished-at="2018-10-30T07:33:17Z">
          <reporter-output>
          </reporter-output>
        </test-method> <!-- netIsAvailable -->
        <test-method status="PASS" signature="openBrowser()[pri:0, instance:pack.NewTest@e320068]" name="openBrowser" duration-ms="13468" started-at="2018-10-30T07:33:17Z" depends-on-methods="pack.NewTest.netIsAvailable" finished-at="2018-10-30T07:33:31Z">
          <reporter-output>
          </reporter-output>
        </test-method> <!-- openBrowser -->
        <test-method status="PASS" signature="checkTitle()[pri:2, instance:pack.NewTest@e320068]" name="checkTitle" duration-ms="100" started-at="2018-10-30T07:33:31Z" finished-at="2018-10-30T07:33:31Z">
          <reporter-output>
          </reporter-output>
        </test-method> <!-- checkTitle -->
        <test-method status="PASS" signature="click()[pri:3, instance:pack.NewTest@e320068]" name="click" duration-ms="2237" started-at="2018-10-30T07:33:31Z" finished-at="2018-10-30T07:33:33Z">
          <reporter-output>
          </reporter-output>
        </test-method> <!-- click -->
        <test-method status="PASS" signature="click1()[pri:4, instance:pack.NewTest@e320068]" name="click1" duration-ms="1790" started-at="2018-10-30T07:33:33Z" finished-at="2018-10-30T07:33:35Z">
          <reporter-output>
          </reporter-output>
        </test-method> <!-- click1 -->
        <test-method status="PASS" signature="click2()[pri:5, instance:pack.NewTest@e320068]" name="click2" duration-ms="1722" started-at="2018-10-30T07:33:35Z" finished-at="2018-10-30T07:33:36Z">
          <reporter-output>
          </reporter-output>
        </test-method> <!-- click2 -->
        <test-method status="PASS" signature="click3()[pri:6, instance:pack.NewTest@e320068]" name="click3" duration-ms="1574" started-at="2018-10-30T07:33:36Z" finished-at="2018-10-30T07:33:38Z">
          <reporter-output>
          </reporter-output>
        </test-method> <!-- click3 -->
        <test-method status="PASS" signature="click4()[pri:7, instance:pack.NewTest@e320068]" name="click4" duration-ms="1807" started-at="2018-10-30T07:33:38Z" finished-at="2018-10-30T07:33:40Z">
          <reporter-output>
          </reporter-output>
        </test-method> <!-- click4 -->
        <test-method status="PASS" signature="click5()[pri:8, instance:pack.NewTest@e320068]" name="click5" duration-ms="1876" started-at="2018-10-30T07:33:40Z" finished-at="2018-10-30T07:33:42Z">
          <reporter-output>
          </reporter-output>
        </test-method> <!-- click5 -->
        <test-method status="PASS" signature="checkResult()[pri:9, instance:pack.NewTest@e320068]" name="checkResult" duration-ms="486" started-at="2018-10-30T07:33:42Z" finished-at="2018-10-30T07:33:42Z">
          <reporter-output>
          </reporter-output>
        </test-method> <!-- checkResult -->
        <test-method status="PASS" signature="restartbuttoncheck()[pri:10, instance:pack.NewTest@e320068]" name="restartbuttoncheck" duration-ms="1370" started-at="2018-10-30T07:33:42Z" finished-at="2018-10-30T07:33:44Z">
          <reporter-output>
          </reporter-output>
        </test-method> <!-- restartbuttoncheck -->
        <test-method status="PASS" signature="refreshbrowser()[pri:11, instance:pack.NewTest@e320068]" name="refreshbrowser" duration-ms="2265" started-at="2018-10-30T07:33:44Z" finished-at="2018-10-30T07:33:46Z">
          <reporter-output>
          </reporter-output>
        </test-method> <!-- refreshbrowser -->
        <test-method status="PASS" signature="checkResultAfterRefresh()[pri:12, instance:pack.NewTest@e320068]" name="checkResultAfterRefresh" duration-ms="300" started-at="2018-10-30T07:33:46Z" finished-at="2018-10-30T07:33:46Z">
          <reporter-output>
          </reporter-output>
        </test-method> <!-- checkResultAfterRefresh -->
        <test-method status="PASS" signature="click6()[pri:13, instance:pack.NewTest@e320068]" name="click6" duration-ms="2090" started-at="2018-10-30T07:33:46Z" finished-at="2018-10-30T07:33:48Z">
          <reporter-output>
          </reporter-output>
        </test-method> <!-- click6 -->
        <test-method status="PASS" signature="closeBrowser()[pri:14, instance:pack.NewTest@e320068]" name="closeBrowser" duration-ms="547" started-at="2018-10-30T07:33:48Z" finished-at="2018-10-30T07:33:49Z">
          <reporter-output>
          </reporter-output>
        </test-method> <!-- closeBrowser -->
      </class> <!-- pack.NewTest -->
    </test> <!-- Default test -->
  </suite> <!-- Default suite -->
</testng-results>
